# JRE version: Java(TM) SE Runtime Environment (8.0_144-b01) (build 1.8.0_144-b01)
# Java VM: Java HotSpot(TM) 64-Bit Server VM (25.144-b01 mixed mode linux-amd64 compressed oops)
Heap:
 PSYoungGen      total 785920K, used 29464K [0x0000000781d00000, 0x00000007b6c00000, 0x00000007c0000000)
  eden space 747520K, 0% used [0x0000000781d00000,0x0000000781d00000,0x00000007af700000)
  from space 38400K, 76% used [0x00000007af700000,0x00000007b13c6330,0x00000007b1c80000)
  to   space 28160K, 0% used [0x00000007b1c80000,0x00000007b1c80000,0x00000007b3800000)
 ParOldGen       total 119296K, used 63639K [0x0000000705600000, 0x000000070ca80000, 0x0000000781d00000)
  object space 119296K, 53% used [0x0000000705600000,0x0000000709425c78,0x000000070ca80000)
 Metaspace       used 51149K, capacity 51794K, committed 52264K, reserved 1095680K
  class space    used 6503K, capacity 6640K, committed 6696K, reserved 1048576K
GC Heap History (10 events):
Event: 9.279 GC heap after
Heap after GC invocations=14 (full 2):
 PSYoungGen      total 489472K, used 13150K [0x0000000781d00000, 0x00000007a2d80000, 0x00000007c0000000)
  eden space 468992K, 0% used [0x0000000781d00000,0x0000000781d00000,0x000000079e700000)
  from space 20480K, 64% used [0x000000079fb00000,0x00000007a07d7b90,0x00000007a0f00000)
  to   space 20480K, 0% used [0x000000079e700000,0x000000079e700000,0x000000079fb00000)
 ParOldGen       total 119296K, used 29861K [0x0000000705600000, 0x000000070ca80000, 0x0000000781d00000)
  object space 119296K, 25% used [0x0000000705600000,0x0000000707329588,0x000000070ca80000)
 Metaspace       used 41898K, capacity 42364K, committed 42792K, reserved 1087488K
  class space    used 5301K, capacity 5405K, committed 5416K, reserved 1048576K
}
Event: 10.827 GC heap before
{Heap before GC invocations=15 (full 2):
 PSYoungGen      total 489472K, used 482142K [0x0000000781d00000, 0x00000007a2d80000, 0x00000007c0000000)
  eden space 468992K, 100% used [0x0000000781d00000,0x000000079e700000,0x000000079e700000)
  from space 20480K, 64% used [0x000000079fb00000,0x00000007a07d7b90,0x00000007a0f00000)
  to   space 20480K, 0% used [0x000000079e700000,0x000000079e700000,0x000000079fb00000)
 ParOldGen       total 119296K, used 29861K [0x0000000705600000, 0x000000070ca80000, 0x0000000781d00000)
  object space 119296K, 25% used [0x0000000705600000,0x0000000707329588,0x000000070ca80000)
 Metaspace       used 46186K, capacity 46720K, committed 47272K, reserved 1091584K
  class space    used 5851K, capacity 5965K, committed 6056K, reserved 1048576K
Event: 10.848 GC heap after
Heap after GC invocations=15 (full 2):
 PSYoungGen      total 489472K, used 20468K [0x0000000781d00000, 0x00000007a9c00000, 0x00000007c0000000)
  eden space 468992K, 0% used [0x0000000781d00000,0x0000000781d00000,0x000000079e700000)
  from space 20480K, 99% used [0x000000079e700000,0x000000079fafd0c0,0x000000079fb00000)
  to   space 26112K, 0% used [0x00000007a8280000,0x00000007a8280000,0x00000007a9c00000)
 ParOldGen       total 119296K, used 37162K [0x0000000705600000, 0x000000070ca80000, 0x0000000781d00000)
  object space 119296K, 31% used [0x0000000705600000,0x0000000707a4ab48,0x000000070ca80000)
 Metaspace       used 46186K, capacity 46720K, committed 47272K, reserved 1091584K
  class space    used 5851K, capacity 5965K, committed 6056K, reserved 1048576K
}
Event: 11.903 GC heap before
{Heap before GC invocations=16 (full 2):
 PSYoungGen      total 489472K, used 489460K [0x0000000781d00000, 0x00000007a9c00000, 0x00000007c0000000)
  eden space 468992K, 100% used [0x0000000781d00000,0x000000079e700000,0x000000079e700000)
  from space 20480K, 99% used [0x000000079e700000,0x000000079fafd0c0,0x000000079fb00000)
  to   space 26112K, 0% used [0x00000007a8280000,0x00000007a8280000,0x00000007a9c00000)
 ParOldGen       total 119296K, used 37162K [0x0000000705600000, 0x000000070ca80000, 0x0000000781d00000)
  object space 119296K, 31% used [0x0000000705600000,0x0000000707a4ab48,0x000000070ca80000)
 Metaspace       used 47536K, capacity 48024K, committed 48424K, reserved 1091584K
  class space    used 6046K, capacity 6161K, committed 6184K, reserved 1048576K
Event: 11.918 GC heap after
Heap after GC invocations=16 (full 2):
 PSYoungGen      total 616960K, used 12274K [0x0000000781d00000, 0x00000007a9500000, 0x00000007c0000000)
  eden space 598016K, 0% used [0x0000000781d00000,0x0000000781d00000,0x00000007a6500000)
  from space 18944K, 64% used [0x00000007a8280000,0x00000007a8e7cad8,0x00000007a9500000)
  to   space 24576K, 0% used [0x00000007a6500000,0x00000007a6500000,0x00000007a7d00000)
 ParOldGen       total 119296K, used 41458K [0x0000000705600000, 0x000000070ca80000, 0x0000000781d00000)
  object space 119296K, 34% used [0x0000000705600000,0x0000000707e7cba8,0x000000070ca80000)
 Metaspace       used 47536K, capacity 48024K, committed 48424K, reserved 1091584K
  class space    used 6046K, capacity 6161K, committed 6184K, reserved 1048576K
}
Event: 13.397 GC heap before
{Heap before GC invocations=17 (full 2):
 PSYoungGen      total 616960K, used 610290K [0x0000000781d00000, 0x00000007a9500000, 0x00000007c0000000)
  eden space 598016K, 100% used [0x0000000781d00000,0x00000007a6500000,0x00000007a6500000)
  from space 18944K, 64% used [0x00000007a8280000,0x00000007a8e7cad8,0x00000007a9500000)
  to   space 24576K, 0% used [0x00000007a6500000,0x00000007a6500000,0x00000007a7d00000)
 ParOldGen       total 119296K, used 41458K [0x0000000705600000, 0x000000070ca80000, 0x0000000781d00000)
  object space 119296K, 34% used [0x0000000705600000,0x0000000707e7cba8,0x000000070ca80000)
 Metaspace       used 48624K, capacity 49190K, committed 49576K, reserved 1093632K
  class space    used 6174K, capacity 6302K, committed 6312K, reserved 1048576K
Event: 13.417 GC heap after
Heap after GC invocations=17 (full 2):
 PSYoungGen      total 622592K, used 24088K [0x0000000781d00000, 0x00000007b3800000, 0x00000007c0000000)
  eden space 598016K, 0% used [0x0000000781d00000,0x0000000781d00000,0x00000007a6500000)
  from space 24576K, 98% used [0x00000007a6500000,0x00000007a7c86220,0x00000007a7d00000)
  to   space 28160K, 0% used [0x00000007b1c80000,0x00000007b1c80000,0x00000007b3800000)
 ParOldGen       total 119296K, used 41466K [0x0000000705600000, 0x000000070ca80000, 0x0000000781d00000)
  object space 119296K, 34% used [0x0000000705600000,0x0000000707e7eba8,0x000000070ca80000)
 Metaspace       used 48624K, capacity 49190K, committed 49576K, reserved 1093632K
  class space    used 6174K, capacity 6302K, committed 6312K, reserved 1048576K
}
Event: 14.632 GC heap before
{Heap before GC invocations=18 (full 2):
 PSYoungGen      total 622592K, used 622104K [0x0000000781d00000, 0x00000007b3800000, 0x00000007c0000000)
  eden space 598016K, 100% used [0x0000000781d00000,0x00000007a6500000,0x00000007a6500000)
  from space 24576K, 98% used [0x00000007a6500000,0x00000007a7c86220,0x00000007a7d00000)
  to   space 28160K, 0% used [0x00000007b1c80000,0x00000007b1c80000,0x00000007b3800000)
 ParOldGen       total 119296K, used 41466K [0x0000000705600000, 0x000000070ca80000, 0x0000000781d00000)
  object space 119296K, 34% used [0x0000000705600000,0x0000000707e7eba8,0x000000070ca80000)
 Metaspace       used 50094K, capacity 50680K, committed 51112K, reserved 1093632K
  class space    used 6388K, capacity 6497K, committed 6568K, reserved 1048576K
Event: 14.688 GC heap after
Heap after GC invocations=18 (full 2):
 PSYoungGen      total 775680K, used 28143K [0x0000000781d00000, 0x00000007b6c00000, 0x00000007c0000000)
  eden space 747520K, 0% used [0x0000000781d00000,0x0000000781d00000,0x00000007af700000)
  from space 28160K, 99% used [0x00000007b1c80000,0x00000007b37fbd20,0x00000007b3800000)
  to   space 38400K, 0% used [0x00000007af700000,0x00000007af700000,0x00000007b1c80000)
 ParOldGen       total 119296K, used 57979K [0x0000000705600000, 0x000000070ca80000, 0x0000000781d00000)
  object space 119296K, 48% used [0x0000000705600000,0x0000000708e9ed98,0x000000070ca80000)
 Metaspace       used 50094K, capacity 50680K, committed 51112K, reserved 1093632K
  class space    used 6388K, capacity 6497K, committed 6568K, reserved 1048576K
}
Event: 16.567 GC heap before
{Heap before GC invocations=19 (full 2):
 PSYoungGen      total 775680K, used 775663K [0x0000000781d00000, 0x00000007b6c00000, 0x00000007c0000000)
  eden space 747520K, 100% used [0x0000000781d00000,0x00000007af700000,0x00000007af700000)
  from space 28160K, 99% used [0x00000007b1c80000,0x00000007b37fbd20,0x00000007b3800000)
  to   space 38400K, 0% used [0x00000007af700000,0x00000007af700000,0x00000007b1c80000)
 ParOldGen       total 119296K, used 57979K [0x0000000705600000, 0x000000070ca80000, 0x0000000781d00000)
  object space 119296K, 48% used [0x0000000705600000,0x0000000708e9ed98,0x000000070ca80000)
 Metaspace       used 51149K, capacity 51794K, committed 52264K, reserved 1095680K
  class space    used 6503K, capacity 6640K, committed 6696K, reserved 1048576K

